[debug] [2020-11-10T02:17:20.432Z] ----------------------------------------------------------------------
[debug] [2020-11-10T02:17:20.435Z] Command:       /usr/local/bin/node /usr/local/bin/firebase deploy --only hosting:prod
[debug] [2020-11-10T02:17:20.436Z] CLI Version:   8.10.0
[debug] [2020-11-10T02:17:20.436Z] Platform:      darwin
[debug] [2020-11-10T02:17:20.436Z] Node Version:  v13.11.0
[debug] [2020-11-10T02:17:20.454Z] Time:          Tue Nov 10 2020 03:17:20 GMT+0100 (Central European Standard Time)
[debug] [2020-11-10T02:17:20.454Z] ----------------------------------------------------------------------
[debug] [2020-11-10T02:17:20.454Z] 
[debug] [2020-11-10T02:17:20.464Z] > command requires scopes: ["email","openid","https://www.googleapis.com/auth/cloudplatformprojects.readonly","https://www.googleapis.com/auth/firebase","https://www.googleapis.com/auth/cloud-platform"]
[debug] [2020-11-10T02:17:20.464Z] > authorizing via signed-in user
[debug] [2020-11-10T02:17:20.465Z] [iam] checking project sejong-web for permissions ["firebase.projects.get","firebasehosting.sites.update"]
[debug] [2020-11-10T02:17:20.468Z] > refreshing access token with scopes: ["email","https://www.googleapis.com/auth/cloud-platform","https://www.googleapis.com/auth/cloudplatformprojects.readonly","https://www.googleapis.com/auth/firebase","openid"]
[debug] [2020-11-10T02:17:20.468Z] >>> HTTP REQUEST POST https://www.googleapis.com/oauth2/v3/token  
 <request body omitted>
[debug] [2020-11-10T02:17:20.710Z] <<< HTTP RESPONSE 200 {"cache-control":"no-cache, no-store, max-age=0, must-revalidate","date":"Tue, 10 Nov 2020 02:17:20 GMT","pragma":"no-cache","expires":"Mon, 01 Jan 1990 00:00:00 GMT","content-type":"application/json; charset=utf-8","vary":"X-Origin, Referer, Origin,Accept-Encoding","server":"scaffolding on HTTPServer2","x-xss-protection":"0","x-frame-options":"SAMEORIGIN","x-content-type-options":"nosniff","alt-svc":"h3-Q050=\":443\"; ma=2592000,h3-29=\":443\"; ma=2592000,h3-T051=\":443\"; ma=2592000,h3-T050=\":443\"; ma=2592000,h3-Q046=\":443\"; ma=2592000,h3-Q043=\":443\"; ma=2592000,quic=\":443\"; ma=2592000; v=\"46,43\"","accept-ranges":"none","transfer-encoding":"chunked"}
[debug] [2020-11-10T02:17:20.773Z] >>> HTTP REQUEST POST https://cloudresourcemanager.googleapis.com/v1/projects/sejong-web:testIamPermissions  
 {"permissions":["firebase.projects.get","firebasehosting.sites.update"]}
[debug] [2020-11-10T02:17:21.648Z] <<< HTTP RESPONSE 200 {"content-type":"application/json; charset=UTF-8","vary":"X-Origin, Referer, Origin,Accept-Encoding","date":"Tue, 10 Nov 2020 02:17:21 GMT","server":"ESF","cache-control":"private","x-xss-protection":"0","x-frame-options":"SAMEORIGIN","x-content-type-options":"nosniff","server-timing":"gfet4t7; dur=705","alt-svc":"h3-Q050=\":443\"; ma=2592000,h3-29=\":443\"; ma=2592000,h3-T051=\":443\"; ma=2592000,h3-T050=\":443\"; ma=2592000,h3-Q046=\":443\"; ma=2592000,h3-Q043=\":443\"; ma=2592000,quic=\":443\"; ma=2592000; v=\"46,43\"","accept-ranges":"none","transfer-encoding":"chunked"}
[debug] [2020-11-10T02:17:21.650Z] >>> HTTP REQUEST GET https://firebase.googleapis.com/v1beta1/projects/sejong-web  
 
[debug] [2020-11-10T02:17:22.058Z] <<< HTTP RESPONSE 200 {"content-type":"application/json; charset=UTF-8","vary":"X-Origin, Referer, Origin,Accept-Encoding","date":"Tue, 10 Nov 2020 02:17:21 GMT","server":"ESF","cache-control":"private","x-xss-protection":"0","x-frame-options":"SAMEORIGIN","x-content-type-options":"nosniff","alt-svc":"h3-Q050=\":443\"; ma=2592000,h3-29=\":443\"; ma=2592000,h3-T051=\":443\"; ma=2592000,h3-T050=\":443\"; ma=2592000,h3-Q046=\":443\"; ma=2592000,h3-Q043=\":443\"; ma=2592000,quic=\":443\"; ma=2592000; v=\"46,43\"","accept-ranges":"none","transfer-encoding":"chunked"}
[info] 
[info] === Deploying to 'sejong-web'...
[info] 
[info] i  deploying hosting 
[debug] [2020-11-10T02:17:22.063Z] >>> HTTP REQUEST POST https://firebasehosting.googleapis.com/v1beta1/sites/sejong-web/versions  
 {"config":{"rewrites":[{"glob":"**","path":"/index.html"}]},"labels":{"deployment-tool":"cli-firebase"}}
[debug] [2020-11-10T02:17:24.011Z] <<< HTTP RESPONSE 200 {"content-type":"application/json; charset=UTF-8","vary":"X-Origin, Referer, Origin,Accept-Encoding","date":"Tue, 10 Nov 2020 02:17:23 GMT","server":"ESF","cache-control":"private","x-xss-protection":"0","x-frame-options":"SAMEORIGIN","x-content-type-options":"nosniff","alt-svc":"h3-Q050=\":443\"; ma=2592000,h3-29=\":443\"; ma=2592000,h3-T051=\":443\"; ma=2592000,h3-T050=\":443\"; ma=2592000,h3-Q046=\":443\"; ma=2592000,h3-Q043=\":443\"; ma=2592000,quic=\":443\"; ma=2592000; v=\"46,43\"","accept-ranges":"none","transfer-encoding":"chunked"}
[info] i  hosting[sejong-web]: beginning deploy... 
[info] i  hosting[sejong-web]: found 56 files in dist 
[debug] [2020-11-10T02:17:24.926Z] [hosting] hash cache [ZGlzdA] stored for 56 files
[debug] [2020-11-10T02:17:24.926Z] [hosting][hash queue][FINAL] {"max":747,"min":46,"avg":160.2142857142857,"active":0,"complete":56,"success":56,"errored":0,"retried":0,"total":56,"elapsed":892}
[debug] [2020-11-10T02:17:24.926Z] >>> HTTP REQUEST POST https://firebasehosting.googleapis.com/v1beta1/sites/sejong-web/versions/9a54d08b395f1a49:populateFiles  
 <request body omitted>
[debug] [2020-11-10T02:17:26.052Z] <<< HTTP RESPONSE 200 {"content-type":"application/json; charset=UTF-8","vary":"X-Origin, Referer, Origin,Accept-Encoding","date":"Tue, 10 Nov 2020 02:17:25 GMT","server":"ESF","cache-control":"private","x-xss-protection":"0","x-frame-options":"SAMEORIGIN","x-content-type-options":"nosniff","alt-svc":"h3-Q050=\":443\"; ma=2592000,h3-29=\":443\"; ma=2592000,h3-T051=\":443\"; ma=2592000,h3-T050=\":443\"; ma=2592000,h3-Q046=\":443\"; ma=2592000,h3-Q043=\":443\"; ma=2592000,quic=\":443\"; ma=2592000; v=\"46,43\"","accept-ranges":"none","transfer-encoding":"chunked"}
[debug] [2020-11-10T02:17:26.059Z] [hosting][populate queue][FINAL] {"max":1128,"min":1128,"avg":1128,"active":0,"complete":1,"success":1,"errored":0,"retried":0,"total":1,"elapsed":1135}
[debug] [2020-11-10T02:17:26.059Z] [hosting] uploads queued: 8
